0 info it worked if it ends with ok
1 verbose cli [ 'node',
1 verbose cli   '/Users/niko/Documents/workfile/git/nvm/v0.11.13/lib/node_modules/tnpm/node_modules/.bin/ali-npm',
1 verbose cli   '--no-proxy',
1 verbose cli   '--disturl=http://web.npm.alibaba-inc.com/dist',
1 verbose cli   '--userconfig=/Users/niko/.tnpmrc',
1 verbose cli   '--cache=/Users/niko/.tnpm/cache.7305.1421141261749',
1 verbose cli   '--registry=http://registry.npm.alibaba-inc.com',
1 verbose cli   'install',
1 verbose cli   '@alipay/',
1 verbose cli   '-g',
1 verbose cli   '--loglevel=http' ]
2 info using npm@1.4.1
3 info using node@v0.11.13
4 silly cache add args [ '@alipay/', null ]
5 verbose cache add spec @alipay/
6 silly cache add parsed spec { raw: '@alipay/',
6 silly cache add   scope: null,
6 silly cache add   name: null,
6 silly cache add   rawSpec: '@alipay/',
6 silly cache add   spec: '/Applications/MAMP/htdocs/www/test/amo/src/@alipay',
6 silly cache add   type: 'local' }
7 error addLocal Could not install /Applications/MAMP/htdocs/www/test/amo/src/@alipay
8 verbose stack Error: ENOENT, open '/Applications/MAMP/htdocs/www/test/amo/src/@alipay'
8 verbose stack     at Error (native)
9 verbose cwd /Applications/MAMP/htdocs/www/test/amo/src
10 error Darwin 14.0.0
11 error argv "node" "/Users/niko/Documents/workfile/git/nvm/v0.11.13/lib/node_modules/tnpm/node_modules/.bin/ali-npm" "--no-proxy" "--disturl=http://web.npm.alibaba-inc.com/dist" "--userconfig=/Users/niko/.tnpmrc" "--cache=/Users/niko/.tnpm/cache.7305.1421141261749" "--registry=http://registry.npm.alibaba-inc.com" "install" "@alipay/" "-g" "--loglevel=http"
12 error node v0.11.13
13 error npm  v1.4.1
14 error path /Applications/MAMP/htdocs/www/test/amo/src/@alipay
15 error code ENOENT
16 error errno -2
17 error ENOENT, open '/Applications/MAMP/htdocs/www/test/amo/src/@alipay'
18 error If you need help, you may report this error at:
18 error     <http://github.com/npm/npm/issues>
19 verbose exit [ -2, true ]
